Build started 25/01/2016 03:01:32.
Project "Z:\Developer\Lights-of-World\Compilacao Windows\Lights of World\Lights of World\Lights of World.vcxproj" on node 2 (Build target(s)).
ClCompile:
  C:\Program Files\Microsoft Visual Studio 11.0\VC\bin\CL.exe /c /I"Z:\Developer\Lights-of-World\Lights of World\Frameworks\Window Frameworks\glew-1.9.0\include" /I"Z:\Developer\Lights-of-World\Lights of World\Frameworks\Window Frameworks\glfw-3.1.1\include" /ZI /nologo /W3 /WX- /Od /Oy- /D WIN32 /D _DEBUG /D _CONSOLE /D _UNICODE /D UNICODE /Gm /EHsc /RTC1 /MDd /GS /fp:precise /Zc:wchar_t /Zc:forScope /Fo"Debug\\" /Fd"Debug\vc110.pdb" /Gd /TP /analyze- /errorReport:prompt "..\..\..\Lights of World\Sources\Lights of World\game.cpp" "..\..\..\Lights of World\Sources\Lights of World\graphics.cpp" "..\..\..\Lights of World\Sources\Lights of World\main.cpp" "..\..\..\Lights of World\Sources\Lights of World\object.cpp" "..\..\..\Lights of World\Sources\Lights of World\player.cpp"
  player.cpp
z:\developer\lights-of-world\lights of world\sources\lights of world\player.cpp(55): warning C4554: '|' : check operator precedence for possible error; use parentheses to clarify precedence
z:\developer\lights-of-world\lights of world\sources\lights of world\player.cpp(56): warning C4554: '|' : check operator precedence for possible error; use parentheses to clarify precedence
  object.cpp
c:\program files\microsoft visual studio 11.0\vc\include\stdlib.h(360): error C2381: 'exit' : redefinition; __declspec(noreturn) differs
          c:\program files\windows kits\8.0\include\um\glut\glut.h(146) : see declaration of 'exit'
z:\developer\lights-of-world\lights of world\sources\lights of world\object.cpp(80): warning C4018: '<' : signed/unsigned mismatch
  main.cpp
  graphics.cpp
z:\developer\lights-of-world\lights of world\sources\lights of world\graphics.cpp(35): warning C4800: 'int' : forcing value to bool 'true' or 'false' (performance warning)
  game.cpp
c:\program files\microsoft visual studio 11.0\vc\include\stdlib.h(360): error C2381: 'exit' : redefinition; __declspec(noreturn) differs
          c:\program files\windows kits\8.0\include\um\glut\glut.h(146) : see declaration of 'exit'
  Generating Code...
Done Building Project "Z:\Developer\Lights-of-World\Compilacao Windows\Lights of World\Lights of World\Lights of World.vcxproj" (Build target(s)) -- FAILED.

Build FAILED.

Time Elapsed 00:00:08.05
